[2022-12-01 21:01:45,742] [ ERROR] [OdontologoDaoH2:119] Error al buscar el odontologo
[2022-12-02 20:59:33] [ INFO ] [OdontologoDaoH2:109] Conectado a la base de datos
[2022-12-02 21:37:47] [ INFO ] [OdontologoDaoH2:109] Conectado a la base de datos
[2022-12-02 21:38:06] [ INFO ] [OdontologoDaoH2:109] Conectado a la base de datos
[2022-12-02 22:20:46] [ INFO ] [PacienteDaoH2:48] Conectado a la base de datos
[2022-12-02 22:20:46] [ ERROR] [PacienteDaoH2:70] Error al guardar el paciente
[2022-12-02 22:21:35] [ INFO ] [PacienteDaoH2:48] Conectado a la base de datos
[2022-12-02 22:21:35] [ ERROR] [PacienteDaoH2:70] Error al guardar el paciente
[2022-12-02 22:23:57] [ INFO ] [PacienteDaoH2:48] Conectado a la base de datos
[2022-12-02 22:23:57] [ ERROR] [PacienteDaoH2:70] Error al guardar el paciente
[2022-12-02 22:24:21] [ INFO ] [PacienteDaoH2:48] Conectado a la base de datos
[2022-12-02 22:24:21] [ ERROR] [PacienteDaoH2:70] Error al guardar el paciente
[2022-12-02 22:24:56] [ INFO ] [PacienteDaoH2:48] Conectado a la base de datos
[2022-12-02 22:24:56] [ ERROR] [PacienteDaoH2:70] Error al guardar el paciente
[2022-12-02 22:25:46] [ INFO ] [PacienteDaoH2:48] Conectado a la base de datos
[2022-12-02 22:25:46] [ ERROR] [PacienteDaoH2:71] Error al guardar el paciente
[2022-12-02 22:27:05] [ INFO ] [PacienteDaoH2:48] Conectado a la base de datos
[2022-12-02 22:28:21] [ INFO ] [PacienteDaoH2:48] Conectado a la base de datos
[2022-12-02 22:36:44] [ INFO ] [PacienteDaoH2:48] Conectado a la base de datos
[2022-12-02 22:43:24] [ INFO ] [PacienteDaoH2:48] Conectado a la base de datos
[2022-12-02 22:43:24] [ INFO ] [DomicilioDaoH2:44] Conectado a la base de datos
[2022-12-02 22:43:24] [ INFO ] [DomicilioDaoH2:61] Se guardo el domicilio:com.example.Clinica_Odontologica.model.Domicilio@626d6995
[2022-12-02 22:43:24] [ INFO ] [PacienteDaoH2:73] Se guardo el paciente: Santiago Forero
[2022-12-02 22:46:54] [ INFO ] [PacienteDaoH2:48] Conectado a la base de datos
[2022-12-02 22:46:54] [ INFO ] [DomicilioDaoH2:44] Conectado a la base de datos
[2022-12-02 22:46:54] [ INFO ] [DomicilioDaoH2:61] Se guardo el domicilio:com.example.Clinica_Odontologica.model.Domicilio@7b5cc82
[2022-12-02 22:46:54] [ INFO ] [PacienteDaoH2:73] Se guardo el paciente: Santiago Forero
[2022-12-02 22:50:53] [ INFO ] [PacienteDaoH2:48] Conectado a la base de datos
[2022-12-02 22:50:53] [ ERROR] [PacienteDaoH2:76] Error al guardar el paciente
[2022-12-02 22:51:50] [ INFO ] [PacienteDaoH2:48] Conectado a la base de datos
[2022-12-02 22:51:50] [ INFO ] [DomicilioDaoH2:44] Conectado a la base de datos
[2022-12-02 22:51:50] [ INFO ] [DomicilioDaoH2:61] Se guardo el domicilio:com.example.Clinica_Odontologica.model.Domicilio@6026a739
[2022-12-02 22:51:51] [ INFO ] [PacienteDaoH2:73] Se guardo el paciente: Santiago Forero
[2022-12-02 22:52:42] [ INFO ] [PacienteDaoH2:48] Conectado a la base de datos
[2022-12-02 22:52:42] [ INFO ] [DomicilioDaoH2:44] Conectado a la base de datos
[2022-12-02 22:52:42] [ INFO ] [DomicilioDaoH2:61] Se guardo el domicilio:com.example.Clinica_Odontologica.model.Domicilio@5c354b1
[2022-12-02 22:52:42] [ INFO ] [PacienteDaoH2:73] Se guardo el paciente: Santiago Forero
[2022-12-02 22:57:25] [ INFO ] [PacienteDaoH2:48] Conectado a la base de datos
[2022-12-02 22:57:25] [ INFO ] [DomicilioDaoH2:44] Conectado a la base de datos
[2022-12-02 22:57:25] [ INFO ] [DomicilioDaoH2:61] Se guardo el domicilio:com.example.Clinica_Odontologica.model.Domicilio@1496bb05
[2022-12-02 22:57:25] [ INFO ] [PacienteDaoH2:73] Se guardo el paciente: Santiago Forero
[2022-12-02 22:58:25] [ INFO ] [PacienteDaoH2:48] Conectado a la base de datos
[2022-12-02 22:58:25] [ INFO ] [DomicilioDaoH2:44] Conectado a la base de datos
[2022-12-02 22:58:25] [ INFO ] [DomicilioDaoH2:61] Se guardo el domicilio:com.example.Clinica_Odontologica.model.Domicilio@6533479b
[2022-12-02 22:58:25] [ INFO ] [PacienteDaoH2:73] Se guardo el paciente: Santiago Forero
[2022-12-02 23:00:16] [ INFO ] [PacienteDaoH2:131] Conectado a la base de datos
[2022-12-02 23:00:16] [ INFO ] [PacienteDaoH2:137] Query prep0: SELECT * FROM paciente WHERE id = ? {1: CAST(1 AS BIGINT)}
[2022-12-02 23:00:16] [ INFO ] [DomicilioDaoH2:118] Conectado a la base de datos
[2022-12-02 23:00:16] [ INFO ] [PacienteDaoH2:154] Se encontro el paciente: Santiago Forero
[2022-12-02 23:03:09] [ INFO ] [PacienteDaoH2:131] Conectado a la base de datos
[2022-12-02 23:03:09] [ INFO ] [PacienteDaoH2:137] Query prep0: SELECT * FROM paciente WHERE id = ? {1: CAST(1 AS BIGINT)}
[2022-12-02 23:03:09] [ INFO ] [DomicilioDaoH2:118] Conectado a la base de datos
[2022-12-02 23:03:09] [ INFO ] [PacienteDaoH2:158] Se encontro el paciente: Santiago Forero
[2022-12-02 23:03:13] [ INFO ] [PacienteDaoH2:131] Conectado a la base de datos
[2022-12-02 23:03:13] [ INFO ] [PacienteDaoH2:137] Query prep2: SELECT * FROM paciente WHERE id = ? {1: CAST(2 AS BIGINT)}
[2022-12-02 23:03:13] [ INFO ] [DomicilioDaoH2:118] Conectado a la base de datos
[2022-12-02 23:03:13] [ INFO ] [PacienteDaoH2:158] Se encontro el paciente: Santiago Forero
[2022-12-02 23:04:09] [ INFO ] [PacienteDaoH2:48] Conectado a la base de datos
[2022-12-02 23:04:09] [ INFO ] [DomicilioDaoH2:44] Conectado a la base de datos
[2022-12-02 23:04:09] [ INFO ] [DomicilioDaoH2:61] Se guardo el domicilio:com.example.Clinica_Odontologica.model.Domicilio@7a3925b5
[2022-12-02 23:04:09] [ INFO ] [PacienteDaoH2:73] Se guardo el paciente: Valeria Forero
[2022-12-02 23:04:24] [ INFO ] [PacienteDaoH2:131] Conectado a la base de datos
[2022-12-02 23:04:24] [ INFO ] [PacienteDaoH2:137] Query prep6: SELECT * FROM paciente WHERE id = ? {1: CAST(3 AS BIGINT)}
[2022-12-02 23:04:24] [ INFO ] [DomicilioDaoH2:118] Conectado a la base de datos
[2022-12-02 23:04:24] [ INFO ] [PacienteDaoH2:158] Se encontro el paciente: Valeria Forero
